<?xml version="1.0" encoding="UTF-8"?>
<coverage generated="1658767044797" clover="3.2.0">
  <project timestamp="1658767044798" name="All files">
    <metrics statements="11" coveredstatements="11" conditionals="2" coveredconditionals="2" methods="7" coveredmethods="7" elements="20" coveredelements="20" complexity="0" loc="11" ncloc="11" packages="1" files="1" classes="1"/>
    <file name="api.js" path="/Users/cferdinandi/Go Make Things LLC/courses/source code/testing-javascript/06 - unit testing details/03 - don't test implementation details/api.js">
      <metrics statements="11" coveredstatements="11" conditionals="2" coveredconditionals="2" methods="7" coveredmethods="7"/>
      <line num="6" count="1" type="stmt"/>
      <line num="15" count="2" type="stmt"/>
      <line num="18" count="4" type="stmt"/>
      <line num="35" count="3" type="stmt"/>
      <line num="37" count="3" type="stmt"/>
      <line num="38" count="3" type="cond" truecount="2" falsecount="0"/>
      <line num="39" count="2" type="stmt"/>
      <line num="41" count="1" type="stmt"/>
      <line num="43" count="2" type="stmt"/>
      <line num="45" count="1" type="stmt"/>
      <line num="46" count="1" type="stmt"/>
    </file>
  </project>
</coverage>
