<?xml version="1.0" encoding="UTF-8"?>
<coverage generated="1658421512434" clover="3.2.0">
  <project timestamp="1658421512434" name="All files">
    <metrics statements="11" coveredstatements="7" conditionals="2" coveredconditionals="1" methods="7" coveredmethods="5" elements="20" coveredelements="13" complexity="0" loc="11" ncloc="11" packages="1" files="1" classes="1"/>
    <file name="api.js" path="/Users/cferdinandi/Go Make Things LLC/courses/source code/testing/02 - dom manipulation/02 - fetch and apis/api.js">
      <metrics statements="11" coveredstatements="7" conditionals="2" coveredconditionals="1" methods="7" coveredmethods="5"/>
      <line num="6" count="0" type="stmt"/>
      <line num="15" count="1" type="stmt"/>
      <line num="18" count="8" type="stmt"/>
      <line num="35" count="1" type="stmt"/>
      <line num="37" count="1" type="stmt"/>
      <line num="38" count="1" type="cond" truecount="1" falsecount="1"/>
      <line num="39" count="1" type="stmt"/>
      <line num="41" count="0" type="stmt"/>
      <line num="43" count="1" type="stmt"/>
      <line num="45" count="0" type="stmt"/>
      <line num="46" count="0" type="stmt"/>
    </file>
  </project>
</coverage>
