{"/Users/cferdinandi/Go Make Things LLC/courses/source code/testing-javascript/06 - unit testing details/02 - coverage and internal methods/api.js": {"path":"/Users/cferdinandi/Go Make Things LLC/courses/source code/testing-javascript/06 - unit testing details/02 - coverage and internal methods/api.js","statementMap":{"0":{"start":{"line":6,"column":1},"end":{"line":6,"column":58}},"1":{"start":{"line":15,"column":1},"end":{"line":26,"column":10}},"2":{"start":{"line":18,"column":4},"end":{"line":24,"column":13}},"3":{"start":{"line":35,"column":11},"end":{"line":35,"column":41}},"4":{"start":{"line":37,"column":1},"end":{"line":47,"column":4}},"5":{"start":{"line":38,"column":2},"end":{"line":40,"column":3}},"6":{"start":{"line":39,"column":3},"end":{"line":39,"column":26}},"7":{"start":{"line":41,"column":2},"end":{"line":41,"column":17}},"8":{"start":{"line":43,"column":2},"end":{"line":43,"column":32}},"9":{"start":{"line":45,"column":2},"end":{"line":45,"column":22}},"10":{"start":{"line":46,"column":2},"end":{"line":46,"column":34}}},"fnMap":{"0":{"name":"getNoDataHTML","decl":{"start":{"line":5,"column":9},"end":{"line":5,"column":22}},"loc":{"start":{"line":5,"column":26},"end":{"line":7,"column":1}},"line":5},"1":{"name":"getHTML","decl":{"start":{"line":14,"column":9},"end":{"line":14,"column":16}},"loc":{"start":{"line":14,"column":24},"end":{"line":27,"column":1}},"line":14},"2":{"name":"(anonymous_2)","decl":{"start":{"line":17,"column":23},"end":{"line":17,"column":24}},"loc":{"start":{"line":17,"column":38},"end":{"line":25,"column":4}},"line":17},"3":{"name":"getData","decl":{"start":{"line":32,"column":9},"end":{"line":32,"column":16}},"loc":{"start":{"line":32,"column":20},"end":{"line":49,"column":1}},"line":32},"4":{"name":"(anonymous_4)","decl":{"start":{"line":37,"column":71},"end":{"line":37,"column":72}},"loc":{"start":{"line":37,"column":91},"end":{"line":42,"column":2}},"line":37},"5":{"name":"(anonymous_5)","decl":{"start":{"line":42,"column":9},"end":{"line":42,"column":10}},"loc":{"start":{"line":42,"column":25},"end":{"line":44,"column":2}},"line":42},"6":{"name":"(anonymous_6)","decl":{"start":{"line":44,"column":10},"end":{"line":44,"column":11}},"loc":{"start":{"line":44,"column":27},"end":{"line":47,"column":2}},"line":44}},"branchMap":{"0":{"loc":{"start":{"line":38,"column":2},"end":{"line":40,"column":3}},"type":"if","locations":[{"start":{"line":38,"column":2},"end":{"line":40,"column":3}},{"start":{},"end":{}}],"line":38}},"s":{"0":1,"1":2,"2":10,"3":3,"4":3,"5":3,"6":2,"7":1,"8":2,"9":1,"10":1},"f":{"0":1,"1":2,"2":10,"3":3,"4":3,"5":2,"6":1},"b":{"0":[2,1]},"_coverageSchema":"1a1c01bbd47fc00a2c39e90264f33305004495a9","hash":"20f89531fe893cb442d0953ff4f3b5ce313b96dd"}
}
