{"/Users/cferdinandi/Go Make Things LLC/courses/source code/testing-javascript/03 - unit testing/04 - coverage/index.js": {"path":"/Users/cferdinandi/Go Make Things LLC/courses/source code/testing-javascript/03 - unit testing/04 - coverage/index.js","statementMap":{"0":{"start":{"line":15,"column":12},"end":{"line":15,"column":29}},"1":{"start":{"line":15,"column":18},"end":{"line":15,"column":29}}},"fnMap":{"0":{"name":"(anonymous_0)","decl":{"start":{"line":15,"column":12},"end":{"line":15,"column":13}},"loc":{"start":{"line":15,"column":18},"end":{"line":15,"column":29}},"line":15}},"branchMap":{},"s":{"0":1,"1":3},"f":{"0":3},"b":{},"_coverageSchema":"1a1c01bbd47fc00a2c39e90264f33305004495a9","hash":"985feef99c072012982f9c6d2f5034fc7db37b8e"}
}
