{"/Users/cferdinandi/Go Make Things LLC/courses/source code/testing-javascript/03 - unit testing/05 - coverage/index.js": {"path":"/Users/cferdinandi/Go Make Things LLC/courses/source code/testing-javascript/03 - unit testing/05 - coverage/index.js","statementMap":{"0":{"start":{"line":7,"column":1},"end":{"line":7,"column":22}}},"fnMap":{"0":{"name":"sayHi","decl":{"start":{"line":6,"column":9},"end":{"line":6,"column":14}},"loc":{"start":{"line":6,"column":32},"end":{"line":8,"column":1}},"line":6}},"branchMap":{"0":{"loc":{"start":{"line":6,"column":16},"end":{"line":6,"column":30}},"type":"default-arg","locations":[{"start":{"line":6,"column":23},"end":{"line":6,"column":30}}],"line":6}},"s":{"0":1},"f":{"0":1},"b":{"0":[1]},"_coverageSchema":"1a1c01bbd47fc00a2c39e90264f33305004495a9","hash":"666b0f7ddd5c89a5c895f84539c088fc3af67600"}
}
